<?xml version="1.0" encoding="UTF-8"?>
<testng-results skipped="0" failed="0" ignored="0" total="1" passed="1">
  <reporter-output>
  </reporter-output>
  <suite name="InetBankingV1" duration-ms="16868" started-at="2018-12-29T08:21:22Z" finished-at="2018-12-29T08:21:39Z">
    <groups>
    </groups>
    <test name="BankingApp Test" duration-ms="16868" started-at="2018-12-29T08:21:22Z" finished-at="2018-12-29T08:21:39Z">
      <class name="com.inetbanking.testCases.TC_LoginTest_001">
        <test-method status="PASS" signature="setup(java.lang.String)[pri:0, instance:com.inetbanking.testCases.TC_LoginTest_001@53b32d7]" name="setup" is-config="true" duration-ms="9434" started-at="2018-12-29T08:21:23Z" finished-at="2018-12-29T08:21:32Z">
          <params>
            <param index="0">
              <value>
                <![CDATA[chrome]]>
              </value>
            </param>
          </params>
          <reporter-output>
          </reporter-output>
        </test-method> <!-- setup -->
        <test-method status="PASS" signature="LoginTest()[pri:0, instance:com.inetbanking.testCases.TC_LoginTest_001@53b32d7]" name="LoginTest" duration-ms="6367" started-at="2018-12-29T08:21:32Z" finished-at="2018-12-29T08:21:39Z">
          <reporter-output>
          </reporter-output>
        </test-method> <!-- LoginTest -->
        <test-method status="PASS" signature="tearDown()[pri:0, instance:com.inetbanking.testCases.TC_LoginTest_001@53b32d7]" name="tearDown" is-config="true" duration-ms="716" started-at="2018-12-29T08:21:39Z" finished-at="2018-12-29T08:21:39Z">
          <reporter-output>
          </reporter-output>
        </test-method> <!-- tearDown -->
      </class> <!-- com.inetbanking.testCases.TC_LoginTest_001 -->
    </test> <!-- BankingApp Test -->
  </suite> <!-- InetBankingV1 -->
</testng-results>
